This file contains any messages produced by compilers while
running configure, to aid debugging if configure makes a mistake.

It was created by configure, which was
generated by GNU Autoconf 2.61.  Invocation command line was

  $ ./configure --build=arm-aarch64-linux-gnu --prefix=/usr/local/java

## --------- ##
## Platform. ##
## --------- ##

hostname = raspberrypi
uname -m = aarch64
uname -r = 6.12.34+rpt-rpi-2712
uname -s = Linux
uname -v = #1 SMP PREEMPT Debian 1:6.12.34-1+rpt1~bookworm (2025-06-26)

/usr/bin/uname -p = unknown
/bin/uname -X     = unknown

/bin/arch              = aarch64
/usr/bin/arch -k       = unknown
/usr/convex/getsysinfo = unknown
/usr/bin/hostinfo      = unknown
/bin/machine           = unknown
/usr/bin/oslevel       = unknown
/bin/universe          = unknown

PATH: /usr/local/sbin
PATH: /usr/local/bin
PATH: /usr/sbin
PATH: /usr/bin
PATH: /sbin
PATH: /bin
PATH: /usr/local/games
PATH: /usr/games


## ----------- ##
## Core tests. ##
## ----------- ##

configure:2008: checking build system type
configure:2026: result: arm-aarch64-linux-gnu
configure:2048: checking host system type
configure:2063: result: arm-aarch64-linux-gnu
configure:2085: checking target system type
configure:2100: result: arm-aarch64-linux-gnu
configure:2128: WARNING: Trying libtool.  If the following fails install libtool
configure:2178: checking for gcc
configure:2194: found /usr/bin/gcc
configure:2205: result: gcc
configure:2443: checking for C compiler version
configure:2450: gcc --version >&5
gcc (Debian 12.2.0-14+deb12u1) 12.2.0
Copyright (C) 2022 Free Software Foundation, Inc.
This is free software; see the source for copying conditions.  There is NO
warranty; not even for MERCHANTABILITY or FITNESS FOR A PARTICULAR PURPOSE.

configure:2453: $? = 0
configure:2460: gcc -v >&5
Using built-in specs.
COLLECT_GCC=gcc
COLLECT_LTO_WRAPPER=/usr/lib/gcc/aarch64-linux-gnu/12/lto-wrapper
Target: aarch64-linux-gnu
Configured with: ../src/configure -v --with-pkgversion='Debian 12.2.0-14+deb12u1' --with-bugurl=file:///usr/share/doc/gcc-12/README.Bugs --enable-languages=c,ada,c++,go,d,fortran,objc,obj-c++,m2 --prefix=/usr --with-gcc-major-version-only --program-suffix=-12 --program-prefix=aarch64-linux-gnu- --enable-shared --enable-linker-build-id --libexecdir=/usr/lib --without-included-gettext --enable-threads=posix --libdir=/usr/lib --enable-nls --enable-clocale=gnu --enable-libstdcxx-debug --enable-libstdcxx-time=yes --with-default-libstdcxx-abi=new --enable-gnu-unique-object --disable-libquadmath --disable-libquadmath-support --enable-plugin --enable-default-pie --with-system-zlib --enable-libphobos-checking=release --with-target-system-zlib=auto --enable-objc-gc=auto --enable-multiarch --enable-fix-cortex-a53-843419 --disable-werror --enable-checking=release --build=aarch64-linux-gnu --host=aarch64-linux-gnu --target=aarch64-linux-gnu
Thread model: posix
Supported LTO compression algorithms: zlib zstd
gcc version 12.2.0 (Debian 12.2.0-14+deb12u1) 
configure:2463: $? = 0
configure:2470: gcc -V >&5
gcc: error: unrecognized command-line option '-V'
gcc: fatal error: no input files
compilation terminated.
configure:2473: $? = 1
configure:2496: checking for C compiler default output file name
configure:2523: gcc    conftest.c  >&5
configure:2526: $? = 0
configure:2564: result: a.out
configure:2581: checking whether the C compiler works
configure:2591: ./a.out
configure:2594: $? = 0
configure:2611: result: yes
configure:2618: checking whether we are cross compiling
configure:2620: result: no
configure:2623: checking for suffix of executables
configure:2630: gcc -o conftest    conftest.c  >&5
configure:2633: $? = 0
configure:2657: result: 
configure:2663: checking for suffix of object files
configure:2689: gcc -c   conftest.c >&5
configure:2692: $? = 0
configure:2715: result: o
configure:2719: checking whether we are using the GNU C compiler
configure:2748: gcc -c   conftest.c >&5
configure:2754: $? = 0
configure:2771: result: yes
configure:2776: checking whether gcc accepts -g
configure:2806: gcc -c -g  conftest.c >&5
configure:2812: $? = 0
configure:2911: result: yes
configure:2928: checking for gcc option to accept ISO C89
configure:3002: gcc  -c -g -O2  conftest.c >&5
configure:3008: $? = 0
configure:3031: result: none needed
configure:3123: checking for a sed that does not truncate output
configure:3177: result: /usr/bin/sed
configure:3180: checking for grep that handles long lines and -e
configure:3254: result: /usr/bin/grep
configure:3259: checking for egrep
configure:3337: result: /usr/bin/grep -E
configure:3353: checking for ld used by gcc
configure:3420: result: /usr/bin/ld
configure:3429: checking if the linker (/usr/bin/ld) is GNU ld
configure:3444: result: yes
configure:3449: checking for /usr/bin/ld option to reload object files
configure:3456: result: -r
configure:3474: checking for BSD-compatible nm
configure:3516: result: /usr/bin/nm -B
configure:3520: checking whether ln -s works
configure:3524: result: yes
configure:3531: checking how to recognise dependent libraries
configure:3703: result: pass_all
configure:3914: checking how to run the C preprocessor
configure:3954: gcc -E  conftest.c
configure:3960: $? = 0
configure:3991: gcc -E  conftest.c
conftest.c:8:10: fatal error: ac_nonexistent.h: No such file or directory
    8 | #include <ac_nonexistent.h>
      |          ^~~~~~~~~~~~~~~~~~
compilation terminated.
configure:3997: $? = 1
configure: failed program was:
| /* confdefs.h.  */
| #define PACKAGE_NAME ""
| #define PACKAGE_TARNAME ""
| #define PACKAGE_VERSION ""
| #define PACKAGE_STRING ""
| #define PACKAGE_BUGREPORT ""
| /* end confdefs.h.  */
| #include <ac_nonexistent.h>
configure:4030: result: gcc -E
configure:4059: gcc -E  conftest.c
configure:4065: $? = 0
configure:4096: gcc -E  conftest.c
conftest.c:8:10: fatal error: ac_nonexistent.h: No such file or directory
    8 | #include <ac_nonexistent.h>
      |          ^~~~~~~~~~~~~~~~~~
compilation terminated.
configure:4102: $? = 1
configure: failed program was:
| /* confdefs.h.  */
| #define PACKAGE_NAME ""
| #define PACKAGE_TARNAME ""
| #define PACKAGE_VERSION ""
| #define PACKAGE_STRING ""
| #define PACKAGE_BUGREPORT ""
| /* end confdefs.h.  */
| #include <ac_nonexistent.h>
configure:4140: checking for ANSI C header files
configure:4170: gcc -c -g -O2  conftest.c >&5
configure:4176: $? = 0
configure:4275: gcc -o conftest -g -O2   conftest.c  >&5
configure:4278: $? = 0
configure:4284: ./conftest
configure:4287: $? = 0
configure:4304: result: yes
configure:4328: checking for sys/types.h
configure:4349: gcc -c -g -O2  conftest.c >&5
configure:4355: $? = 0
configure:4371: result: yes
configure:4328: checking for sys/stat.h
configure:4349: gcc -c -g -O2  conftest.c >&5
configure:4355: $? = 0
configure:4371: result: yes
configure:4328: checking for stdlib.h
configure:4349: gcc -c -g -O2  conftest.c >&5
configure:4355: $? = 0
configure:4371: result: yes
configure:4328: checking for string.h
configure:4349: gcc -c -g -O2  conftest.c >&5
configure:4355: $? = 0
configure:4371: result: yes
configure:4328: checking for memory.h
configure:4349: gcc -c -g -O2  conftest.c >&5
configure:4355: $? = 0
configure:4371: result: yes
configure:4328: checking for strings.h
configure:4349: gcc -c -g -O2  conftest.c >&5
configure:4355: $? = 0
configure:4371: result: yes
configure:4328: checking for inttypes.h
configure:4349: gcc -c -g -O2  conftest.c >&5
configure:4355: $? = 0
configure:4371: result: yes
configure:4328: checking for stdint.h
configure:4349: gcc -c -g -O2  conftest.c >&5
configure:4355: $? = 0
configure:4371: result: yes
configure:4328: checking for unistd.h
configure:4349: gcc -c -g -O2  conftest.c >&5
configure:4355: $? = 0
configure:4371: result: yes
configure:4398: checking dlfcn.h usability
configure:4415: gcc -c -g -O2  conftest.c >&5
configure:4421: $? = 0
configure:4435: result: yes
configure:4439: checking dlfcn.h presence
configure:4454: gcc -E  conftest.c
configure:4460: $? = 0
configure:4474: result: yes
configure:4502: checking for dlfcn.h
configure:4510: result: yes
configure:4581: checking for g++
configure:4597: found /usr/bin/g++
configure:4608: result: g++
configure:4639: checking for C++ compiler version
configure:4646: g++ --version >&5
g++ (Debian 12.2.0-14+deb12u1) 12.2.0
Copyright (C) 2022 Free Software Foundation, Inc.
This is free software; see the source for copying conditions.  There is NO
warranty; not even for MERCHANTABILITY or FITNESS FOR A PARTICULAR PURPOSE.

configure:4649: $? = 0
configure:4656: g++ -v >&5
Using built-in specs.
COLLECT_GCC=g++
COLLECT_LTO_WRAPPER=/usr/lib/gcc/aarch64-linux-gnu/12/lto-wrapper
Target: aarch64-linux-gnu
Configured with: ../src/configure -v --with-pkgversion='Debian 12.2.0-14+deb12u1' --with-bugurl=file:///usr/share/doc/gcc-12/README.Bugs --enable-languages=c,ada,c++,go,d,fortran,objc,obj-c++,m2 --prefix=/usr --with-gcc-major-version-only --program-suffix=-12 --program-prefix=aarch64-linux-gnu- --enable-shared --enable-linker-build-id --libexecdir=/usr/lib --without-included-gettext --enable-threads=posix --libdir=/usr/lib --enable-nls --enable-clocale=gnu --enable-libstdcxx-debug --enable-libstdcxx-time=yes --with-default-libstdcxx-abi=new --enable-gnu-unique-object --disable-libquadmath --disable-libquadmath-support --enable-plugin --enable-default-pie --with-system-zlib --enable-libphobos-checking=release --with-target-system-zlib=auto --enable-objc-gc=auto --enable-multiarch --enable-fix-cortex-a53-843419 --disable-werror --enable-checking=release --build=aarch64-linux-gnu --host=aarch64-linux-gnu --target=aarch64-linux-gnu
Thread model: posix
Supported LTO compression algorithms: zlib zstd
gcc version 12.2.0 (Debian 12.2.0-14+deb12u1) 
configure:4659: $? = 0
configure:4666: g++ -V >&5
g++: error: unrecognized command-line option '-V'
g++: fatal error: no input files
compilation terminated.
configure:4669: $? = 1
configure:4672: checking whether we are using the GNU C++ compiler
configure:4701: g++ -c   conftest.cpp >&5
configure:4707: $? = 0
configure:4724: result: yes
configure:4729: checking whether g++ accepts -g
configure:4759: g++ -c -g  conftest.cpp >&5
configure:4765: $? = 0
configure:4864: result: yes
configure:4897: checking how to run the C++ preprocessor
configure:4933: g++ -E  conftest.cpp
configure:4939: $? = 0
configure:4970: g++ -E  conftest.cpp
conftest.cpp:19:10: fatal error: ac_nonexistent.h: No such file or directory
   19 | #include <ac_nonexistent.h>
      |          ^~~~~~~~~~~~~~~~~~
compilation terminated.
configure:4976: $? = 1
configure: failed program was:
| /* confdefs.h.  */
| #define PACKAGE_NAME ""
| #define PACKAGE_TARNAME ""
| #define PACKAGE_VERSION ""
| #define PACKAGE_STRING ""
| #define PACKAGE_BUGREPORT ""
| #define STDC_HEADERS 1
| #define HAVE_SYS_TYPES_H 1
| #define HAVE_SYS_STAT_H 1
| #define HAVE_STDLIB_H 1
| #define HAVE_STRING_H 1
| #define HAVE_MEMORY_H 1
| #define HAVE_STRINGS_H 1
| #define HAVE_INTTYPES_H 1
| #define HAVE_STDINT_H 1
| #define HAVE_UNISTD_H 1
| #define HAVE_DLFCN_H 1
| /* end confdefs.h.  */
| #include <ac_nonexistent.h>
configure:5009: result: g++ -E
configure:5038: g++ -E  conftest.cpp
configure:5044: $? = 0
configure:5075: g++ -E  conftest.cpp
conftest.cpp:19:10: fatal error: ac_nonexistent.h: No such file or directory
   19 | #include <ac_nonexistent.h>
      |          ^~~~~~~~~~~~~~~~~~
compilation terminated.
configure:5081: $? = 1
configure: failed program was:
| /* confdefs.h.  */
| #define PACKAGE_NAME ""
| #define PACKAGE_TARNAME ""
| #define PACKAGE_VERSION ""
| #define PACKAGE_STRING ""
| #define PACKAGE_BUGREPORT ""
| #define STDC_HEADERS 1
| #define HAVE_SYS_TYPES_H 1
| #define HAVE_SYS_STAT_H 1
| #define HAVE_STDLIB_H 1
| #define HAVE_STRING_H 1
| #define HAVE_MEMORY_H 1
| #define HAVE_STRINGS_H 1
| #define HAVE_INTTYPES_H 1
| #define HAVE_STDINT_H 1
| #define HAVE_UNISTD_H 1
| #define HAVE_DLFCN_H 1
| /* end confdefs.h.  */
| #include <ac_nonexistent.h>
configure:5174: checking for g77
configure:5204: result: no
configure:5174: checking for xlf
configure:5204: result: no
configure:5174: checking for f77
configure:5204: result: no
configure:5174: checking for frt
configure:5204: result: no
configure:5174: checking for pgf77
configure:5204: result: no
configure:5174: checking for cf77
configure:5204: result: no
configure:5174: checking for fort77
configure:5204: result: no
configure:5174: checking for fl32
configure:5204: result: no
configure:5174: checking for af77
configure:5204: result: no
configure:5174: checking for xlf90
configure:5204: result: no
configure:5174: checking for f90
configure:5204: result: no
configure:5174: checking for pgf90
configure:5204: result: no
configure:5174: checking for pghpf
configure:5204: result: no
configure:5174: checking for epcf90
configure:5204: result: no
configure:5174: checking for gfortran
configure:5204: result: no
configure:5174: checking for g95
configure:5204: result: no
configure:5174: checking for xlf95
configure:5204: result: no
configure:5174: checking for f95
configure:5204: result: no
configure:5174: checking for fort
configure:5204: result: no
configure:5174: checking for ifort
configure:5204: result: no
configure:5174: checking for ifc
configure:5204: result: no
configure:5174: checking for efc
configure:5204: result: no
configure:5174: checking for pgf95
configure:5204: result: no
configure:5174: checking for lf95
configure:5204: result: no
configure:5174: checking for ftn
configure:5204: result: no
configure:5231: checking for Fortran 77 compiler version
configure:5238:  --version >&5
./configure: line 5239: --version: command not found
configure:5241: $? = 127
configure:5248:  -v >&5
./configure: line 5249: -v: command not found
configure:5251: $? = 127
configure:5258:  -V >&5
./configure: line 5259: -V: command not found
configure:5261: $? = 127
configure:5269: checking whether we are using the GNU Fortran 77 compiler
configure:5288:  -c  conftest.F >&5
./configure: line 5289: -c: command not found
configure:5294: $? = 127
configure: failed program was:
|       program main
| #ifndef __GNUC__
|        choke me
| #endif
| 
|       end
configure:5311: result: no
configure:5317: checking whether  accepts -g
configure:5334:  -c -g conftest.f >&5
./configure: line 5335: -c: command not found
configure:5340: $? = 127
configure: failed program was:
|       program main
| 
|       end
configure:5356: result: no
configure:5386: checking the maximum length of command line arguments
configure:5478: result: 131072
configure:5489: checking command to parse /usr/bin/nm -B output from gcc object
configure:5585: gcc -c -g -O2  conftest.c >&5
configure:5588: $? = 0
configure:5592: /usr/bin/nm -B conftest.o \| sed -n -e 's/^.*[ 	]\([ABCDGIRSTW][ABCDGIRSTW]*\)[ 	][ 	]*\([_A-Za-z][_A-Za-z0-9]*\)$/\1 \2 \2/p' \> conftest.nm
configure:5595: $? = 0
configure:5647: gcc -o conftest -g -O2   conftest.c conftstm.o >&5
configure:5650: $? = 0
configure:5688: result: ok
configure:5692: checking for objdir
configure:5707: result: .libs
configure:5799: checking for ar
configure:5815: found /usr/bin/ar
configure:5826: result: ar
configure:5895: checking for ranlib
configure:5911: found /usr/bin/ranlib
configure:5922: result: ranlib
configure:5991: checking for strip
configure:6007: found /usr/bin/strip
configure:6018: result: strip
configure:6319: checking if gcc static flag  works
configure:6347: result: yes
configure:6369: checking if gcc supports -fno-rtti -fno-exceptions
configure:6387: gcc -c -g -O2  -fno-rtti -fno-exceptions conftest.c >&5
cc1: warning: command-line option '-fno-rtti' is valid for C++/D/ObjC++ but not for C
configure:6391: $? = 0
configure:6404: result: no
configure:6419: checking for gcc option to produce PIC
configure:6623: result: -fPIC
configure:6631: checking if gcc PIC flag -fPIC works
configure:6649: gcc -c -g -O2  -fPIC -DPIC conftest.c >&5
configure:6653: $? = 0
configure:6666: result: yes
configure:6690: checking if gcc supports -c -o file.o
configure:6711: gcc -c -g -O2  -o out/conftest2.o conftest.c >&5
configure:6715: $? = 0
configure:6737: result: yes
configure:6763: checking whether the gcc linker (/usr/bin/ld) supports shared libraries
configure:7655: result: yes
configure:7681: checking whether -lc should be explicitly linked in
configure:7686: gcc -c -g -O2  conftest.c >&5
configure:7689: $? = 0
configure:7703: gcc -shared conftest.o  -v -Wl,-soname -Wl,conftest -o conftest 2\>\&1 \| grep  -lc  \>/dev/null 2\>\&1
configure:7706: $? = 0
configure:7718: result: no
configure:7726: checking dynamic linker characteristics
configure:8293: result: GNU/Linux ld.so
configure:8297: checking how to hardcode library paths into programs
configure:8322: result: immediate
configure:8336: checking whether stripping libraries is possible
configure:8341: result: yes
configure:9138: checking if libtool supports shared libraries
configure:9140: result: yes
configure:9143: checking whether to build shared libraries
configure:9164: result: yes
configure:9167: checking whether to build static libraries
configure:9171: result: no
configure:9263: creating libtool
configure:9841: checking for ld used by g++
configure:9908: result: /usr/bin/ld
configure:9917: checking if the linker (/usr/bin/ld) is GNU ld
configure:9932: result: yes
configure:9983: checking whether the g++ linker (/usr/bin/ld) supports shared libraries
configure:10866: result: yes
configure:10888: g++ -c -g -O2  conftest.cc >&5
configure:10891: $? = 0
configure:10987: checking for g++ option to produce PIC
configure:11255: result: -fPIC
configure:11263: checking if g++ PIC flag -fPIC works
configure:11281: g++ -c -g -O2  -fPIC -DPIC conftest.cc >&5
configure:11285: $? = 0
configure:11298: result: yes
configure:11322: checking if g++ supports -c -o file.o
configure:11343: g++ -c -g -O2  -o out/conftest2.o conftest.cc >&5
configure:11347: $? = 0
configure:11369: result: yes
configure:11395: checking whether the g++ linker (/usr/bin/ld) supports shared libraries
configure:11420: result: yes
configure:11491: checking dynamic linker characteristics
configure:12058: result: GNU/Linux ld.so
configure:12062: checking how to hardcode library paths into programs
configure:12087: result: immediate
configure:12101: checking whether stripping libraries is possible
configure:12106: result: yes
configure:19598: checking for a BSD-compatible install
configure:19654: result: /usr/bin/install -c
configure:19665: checking whether build environment is sane
configure:19708: result: yes
configure:19736: checking for a thread-safe mkdir -p
configure:19775: result: /usr/bin/mkdir -p
configure:19788: checking for gawk
configure:19818: result: no
configure:19788: checking for mawk
configure:19804: found /usr/bin/mawk
configure:19815: result: mawk
configure:19826: checking whether make sets $(MAKE)
configure:19847: result: yes
configure:19877: checking for style of include used by make
configure:19905: result: GNU
configure:20098: checking dependency style of gcc
configure:20189: result: none
configure:20206: checking dependency style of g++
configure:20297: result: none
configure:20328: checking fcntl.h usability
configure:20345: gcc -c -g -O2  conftest.c >&5
configure:20351: $? = 0
configure:20365: result: yes
configure:20369: checking fcntl.h presence
configure:20384: gcc -E  conftest.c
configure:20390: $? = 0
configure:20404: result: yes
configure:20432: checking for fcntl.h
configure:20440: result: yes
configure:20468: checking sys/fcntl.h usability
configure:20485: gcc -c -g -O2  conftest.c >&5
configure:20491: $? = 0
configure:20505: result: yes
configure:20509: checking sys/fcntl.h presence
configure:20524: gcc -E  conftest.c
configure:20530: $? = 0
configure:20544: result: yes
configure:20572: checking for sys/fcntl.h
configure:20580: result: yes
configure:20608: checking sys/file.h usability
configure:20625: gcc -c -g -O2  conftest.c >&5
configure:20631: $? = 0
configure:20645: result: yes
configure:20649: checking sys/file.h presence
configure:20664: gcc -E  conftest.c
configure:20670: $? = 0
configure:20684: result: yes
configure:20712: checking for sys/file.h
configure:20720: result: yes
configure:20748: checking sys/time.h usability
configure:20765: gcc -c -g -O2  conftest.c >&5
configure:20771: $? = 0
configure:20785: result: yes
configure:20789: checking sys/time.h presence
configure:20804: gcc -E  conftest.c
configure:20810: $? = 0
configure:20824: result: yes
configure:20852: checking for sys/time.h
configure:20860: result: yes
configure:20888: checking sys/signal.h usability
configure:20905: gcc -c -g -O2  conftest.c >&5
configure:20911: $? = 0
configure:20925: result: yes
configure:20929: checking sys/signal.h presence
configure:20944: gcc -E  conftest.c
configure:20950: $? = 0
configure:20964: result: yes
configure:20992: checking for sys/signal.h
configure:21000: result: yes
configure:21028: checking signal.h usability
configure:21045: gcc -c -g -O2  conftest.c >&5
configure:21051: $? = 0
configure:21065: result: yes
configure:21069: checking signal.h presence
configure:21084: gcc -E  conftest.c
configure:21090: $? = 0
configure:21104: result: yes
configure:21132: checking for signal.h
configure:21140: result: yes
configure:21168: checking termios.h usability
configure:21185: gcc -c -g -O2  conftest.c >&5
configure:21191: $? = 0
configure:21205: result: yes
configure:21209: checking termios.h presence
configure:21224: gcc -E  conftest.c
configure:21230: $? = 0
configure:21244: result: yes
configure:21272: checking for termios.h
configure:21280: result: yes
configure:21308: checking grp.h usability
configure:21325: gcc -c -g -O2  conftest.c >&5
configure:21331: $? = 0
configure:21345: result: yes
configure:21349: checking grp.h presence
configure:21364: gcc -E  conftest.c
configure:21370: $? = 0
configure:21384: result: yes
configure:21412: checking for grp.h
configure:21420: result: yes
configure:21448: checking pwd.h usability
configure:21465: gcc -c -g -O2  conftest.c >&5
configure:21471: $? = 0
configure:21485: result: yes
configure:21489: checking pwd.h presence
configure:21504: gcc -E  conftest.c
configure:21510: $? = 0
configure:21524: result: yes
configure:21552: checking for pwd.h
configure:21560: result: yes
configure:21574: checking whether gcc needs -traditional
configure:21616: result: no
configure:21659: checking whether to enable maintainer-specific portions of Makefiles
configure:21668: result: no
configure:21766: checking for xcode-select
configure:21797: result: no
configure:22636: creating ./config.status

## ---------------------- ##
## Running config.status. ##
## ---------------------- ##

This file was extended by config.status, which was
generated by GNU Autoconf 2.61.  Invocation command line was

  CONFIG_FILES    = 
  CONFIG_HEADERS  = 
  CONFIG_LINKS    = 
  CONFIG_COMMANDS = 
  $ ./config.status 

on raspberrypi

config.status:702: creating Makefile
config.status:702: creating config.h
config.status:938: config.h is unchanged
config.status:984: executing depfiles commands

## ---------------- ##
## Cache variables. ##
## ---------------- ##

ac_cv_build=arm-aarch64-linux-gnu
ac_cv_c_compiler_gnu=yes
ac_cv_cxx_compiler_gnu=yes
ac_cv_env_CCC_set=
ac_cv_env_CCC_value=
ac_cv_env_CC_set=
ac_cv_env_CC_value=
ac_cv_env_CFLAGS_set=
ac_cv_env_CFLAGS_value=
ac_cv_env_CPPFLAGS_set=
ac_cv_env_CPPFLAGS_value=
ac_cv_env_CPP_set=
ac_cv_env_CPP_value=
ac_cv_env_CXXCPP_set=
ac_cv_env_CXXCPP_value=
ac_cv_env_CXXFLAGS_set=
ac_cv_env_CXXFLAGS_value=
ac_cv_env_CXX_set=
ac_cv_env_CXX_value=
ac_cv_env_F77_set=
ac_cv_env_F77_value=
ac_cv_env_FFLAGS_set=
ac_cv_env_FFLAGS_value=
ac_cv_env_LDFLAGS_set=
ac_cv_env_LDFLAGS_value=
ac_cv_env_LIBS_set=
ac_cv_env_LIBS_value=
ac_cv_env_build_alias_set=set
ac_cv_env_build_alias_value=arm-aarch64-linux-gnu
ac_cv_env_host_alias_set=
ac_cv_env_host_alias_value=
ac_cv_env_target_alias_set=
ac_cv_env_target_alias_value=
ac_cv_f77_compiler_gnu=no
ac_cv_header_dlfcn_h=yes
ac_cv_header_fcntl_h=yes
ac_cv_header_grp_h=yes
ac_cv_header_inttypes_h=yes
ac_cv_header_memory_h=yes
ac_cv_header_pwd_h=yes
ac_cv_header_signal_h=yes
ac_cv_header_stdc=yes
ac_cv_header_stdint_h=yes
ac_cv_header_stdlib_h=yes
ac_cv_header_string_h=yes
ac_cv_header_strings_h=yes
ac_cv_header_sys_fcntl_h=yes
ac_cv_header_sys_file_h=yes
ac_cv_header_sys_signal_h=yes
ac_cv_header_sys_stat_h=yes
ac_cv_header_sys_time_h=yes
ac_cv_header_sys_types_h=yes
ac_cv_header_termios_h=yes
ac_cv_header_unistd_h=yes
ac_cv_host=arm-aarch64-linux-gnu
ac_cv_objext=o
ac_cv_path_EGREP='/usr/bin/grep -E'
ac_cv_path_GREP=/usr/bin/grep
ac_cv_path_XCODE_SELECT=no
ac_cv_path_install='/usr/bin/install -c'
ac_cv_path_mkdir=/usr/bin/mkdir
ac_cv_prog_AWK=mawk
ac_cv_prog_CPP='gcc -E'
ac_cv_prog_CXXCPP='g++ -E'
ac_cv_prog_ac_ct_AR=ar
ac_cv_prog_ac_ct_CC=gcc
ac_cv_prog_ac_ct_CXX=g++
ac_cv_prog_ac_ct_RANLIB=ranlib
ac_cv_prog_ac_ct_STRIP=strip
ac_cv_prog_cc_c89=
ac_cv_prog_cc_g=yes
ac_cv_prog_cxx_g=yes
ac_cv_prog_f77_g=no
ac_cv_prog_gcc_traditional=no
ac_cv_prog_make_make_set=yes
ac_cv_target=arm-aarch64-linux-gnu
am_cv_CC_dependencies_compiler_type=none
am_cv_CXX_dependencies_compiler_type=none
lt_cv_deplibs_check_method=pass_all
lt_cv_file_magic_cmd='$MAGIC_CMD'
lt_cv_file_magic_test_file=
lt_cv_ld_reload_flag=-r
lt_cv_objdir=.libs
lt_cv_path_LD=/usr/bin/ld
lt_cv_path_LDCXX=/usr/bin/ld
lt_cv_path_NM='/usr/bin/nm -B'
lt_cv_path_SED=/usr/bin/sed
lt_cv_prog_compiler_c_o=yes
lt_cv_prog_compiler_c_o_CXX=yes
lt_cv_prog_compiler_rtti_exceptions=no
lt_cv_prog_gnu_ld=yes
lt_cv_prog_gnu_ldcxx=yes
lt_cv_sys_global_symbol_pipe='sed -n -e '\''s/^.*[ 	]\([ABCDGIRSTW][ABCDGIRSTW]*\)[ 	][ 	]*\([_A-Za-z][_A-Za-z0-9]*\)$/\1 \2 \2/p'\'''
lt_cv_sys_global_symbol_to_c_name_address='sed -n -e '\''s/^: \([^ ]*\) $/  {\"\1\", (lt_ptr) 0},/p'\'' -e '\''s/^[BCDEGRST] \([^ ]*\) \([^ ]*\)$/  {"\2", (lt_ptr) \&\2},/p'\'''
lt_cv_sys_global_symbol_to_cdecl='sed -n -e '\''s/^. .* \(.*\)$/extern int \1;/p'\'''
lt_cv_sys_max_cmd_len=131072
lt_lt_cv_prog_compiler_c_o='"yes"'
lt_lt_cv_prog_compiler_c_o_CXX='"yes"'
lt_lt_cv_sys_global_symbol_pipe='"sed -n -e '\''s/^.*[ 	]\\([ABCDGIRSTW][ABCDGIRSTW]*\\)[ 	][ 	]*\\([_A-Za-z][_A-Za-z0-9]*\\)\$/\\1 \\2 \\2/p'\''"'
lt_lt_cv_sys_global_symbol_to_c_name_address='"sed -n -e '\''s/^: \\([^ ]*\\) \$/  {\\\"\\1\\\", (lt_ptr) 0},/p'\'' -e '\''s/^[BCDEGRST] \\([^ ]*\\) \\([^ ]*\\)\$/  {\"\\2\", (lt_ptr) \\&\\2},/p'\''"'
lt_lt_cv_sys_global_symbol_to_cdecl='"sed -n -e '\''s/^. .* \\(.*\\)\$/extern int \\1;/p'\''"'

## ----------------- ##
## Output variables. ##
## ----------------- ##

ACLOCAL='${SHELL} /home/hara/tmp/raspi-rxtx/rxtx-2.2pre2/missing --run aclocal-1.10'
AMDEPBACKSLASH='\'
AMDEP_FALSE='#'
AMDEP_TRUE=''
AMTAR='${SHELL} /home/hara/tmp/raspi-rxtx/rxtx-2.2pre2/missing --run tar'
AR='ar'
AUTOCONF='${SHELL} /home/hara/tmp/raspi-rxtx/rxtx-2.2pre2/missing --run autoconf'
AUTOHEADER='${SHELL} /home/hara/tmp/raspi-rxtx/rxtx-2.2pre2/missing --run autoheader'
AUTOMAKE='${SHELL} /home/hara/tmp/raspi-rxtx/rxtx-2.2pre2/missing --run automake-1.10'
AWK='mawk'
CC='gcc'
CCDEPMODE='depmode=none'
CFLAGS='-g -O2 -D_POSIX_SOURCE -D_BSD_SOURCE -D__need_timespec'
CLASSPATH='.:$(TOP):$(TOP)/src:'
COMPILE='cc '
CPP='gcc -E'
CPPFLAGS=''
CXX='g++'
CXXCPP='g++ -E'
CXXDEPMODE='depmode=none'
CXXFLAGS='-g -O2'
CYGPATH_W='echo'
DEFS='-DHAVE_CONFIG_H'
DEPDIR='.deps'
ECHO='echo'
ECHO_C=''
ECHO_N='-n'
ECHO_T=''
EGREP='/usr/bin/grep -E'
EXEEXT=''
EXTENSION='c'
F77=''
FFLAGS=''
GLIBTOOL='$(SHELL) $(TOP)/libtool'
GREP='/usr/bin/grep'
INSTALL_DATA='${INSTALL} -m 644'
INSTALL_PROGRAM='${INSTALL}'
INSTALL_SCRIPT='${INSTALL}'
INSTALL_STRIP_PROGRAM='$(install_sh) -c -s'
JAR='$(JPATH)/bin/jar'
JAVAC='$(JPATH)/bin/javac -classpath $(CLASSPATH) -d $(TOP)/ -O -source 17 -target 17 -Xlint:deprecation -Xlint:unchecked'
JAVADOC='$(JPATH)/bin/javadoc'
JAVAH='$(JPATH)/bin/javac -classpath $(CLASSPATH) -h $(DEST) '
JAVAH_FIX=''
JAVAINCLUDE='-I$(JAVAINCLUDEDIR)'
JAVAINCLUDEDIR='/usr/lib/jvm/java-17-openjdk-arm64/include'
JAVANATINC='-I$(JAVAINCLUDEDIR)/./linux/'
JAVA_CLASS_PATH=''
JAVA_CLASS_VERSION=''
JAVA_HOME=''
JAVA_LIBRARY_PATH=''
JAVA_VENDOR='Debian'
JAVA_VERSION='17.0.15'
JHOME='/usr/lib/jvm/java-17-openjdk-arm64/jre/lib/ext'
JPATH='/usr/lib/jvm/java-17-openjdk-arm64'
LDFLAG=''
LDFLAGS=' -lpthread'
LIBOBJS=''
LIBS=''
LIBTOOL='$(SHELL) $(top_builddir)/libtool'
LIBTOOL_FIX=''
LIB_EXTENSION='la'
LINK='$(GLIBTOOL) --mode=link $(CC) $(CFLAGS) $(LDFLAGS) -release $(VERSION) -o librxtx$*.la -rpath $(RXTX_PATH)'
LN_S='ln -s'
LTLIBOBJS=''
MAINT='#'
MAINTAINER_MODE_FALSE=''
MAINTAINER_MODE_TRUE='#'
MAKEINFO='${SHELL} /home/hara/tmp/raspi-rxtx/rxtx-2.2pre2/missing --run makeinfo'
OBJECT_EXTENSION='lo'
OBJEXT='o'
OS_ARCH='aarch64'
OS_NAME='Linux'
OS_VERSION='6.12.34+rpt-rpi-2712'
PACKAGE='Serial'
PACKAGE_BUGREPORT=''
PACKAGE_NAME=''
PACKAGE_STRING=''
PACKAGE_TARNAME=''
PACKAGE_VERSION=''
PATH_SEPARATOR=':'
RANLIB='ranlib'
RXTX_PATH='$(JPATH)/jre/lib/$(OS_ARCH)'
SET_MAKE=''
SHELL='/bin/bash'
STRIP='strip'
TARGETLIB='$(target_triplet)/librxtxSerial.la 			$(target_triplet)/librxtxParallel.la 			$(target_triplet)/librxtxI2C.la 			$(target_triplet)/librxtxRaw.la 			$(target_triplet)/librxtxRS485.la'
THREAD_FLAG=''
TOP='/home/hara/tmp/raspi-rxtx/rxtx-2.2pre2'
VERSION='2.2pre1'
WINDOWS_JAVA_INCLUDE=''
XCODE_SELECT='no'
ac_ct_CC='gcc'
ac_ct_CXX='g++'
ac_ct_F77=''
am__fastdepCC_FALSE=''
am__fastdepCC_TRUE='#'
am__fastdepCXX_FALSE=''
am__fastdepCXX_TRUE='#'
am__include='include'
am__isrc=''
am__leading_dot='.'
am__quote=''
am__tar='${AMTAR} chof - "$$tardir"'
am__untar='${AMTAR} xf -'
bindir='${exec_prefix}/bin'
build='arm-aarch64-linux-gnu'
build_alias='arm-aarch64-linux-gnu'
build_cpu='arm'
build_os='linux-gnu'
build_vendor='aarch64'
datadir='${datarootdir}'
datarootdir='${prefix}/share'
docdir='${datarootdir}/doc/${PACKAGE}'
dvidir='${docdir}'
exec_prefix='${prefix}'
host='arm-aarch64-linux-gnu'
host_alias=''
host_cpu='arm'
host_os='linux-gnu'
host_vendor='aarch64'
htmldir='${docdir}'
includedir='${prefix}/include'
infodir='${datarootdir}/info'
install_sh='$(SHELL) /home/hara/tmp/raspi-rxtx/rxtx-2.2pre2/install-sh'
libdir='${exec_prefix}/lib'
libexecdir='${exec_prefix}/libexec'
localedir='${datarootdir}/locale'
localstatedir='${prefix}/var'
mandir='${datarootdir}/man'
mkdir_p='/usr/bin/mkdir -p'
oldincludedir='/usr/include'
pdfdir='${docdir}'
prefix='/usr/local/java'
program_transform_name='s,x,x,'
psdir='${docdir}'
sbindir='${exec_prefix}/sbin'
sharedstatedir='${prefix}/com'
sysconfdir='${prefix}/etc'
target='arm-aarch64-linux-gnu'
target_alias=''
target_cpu='arm'
target_os='linux-gnu'
target_vendor='aarch64'

## ----------- ##
## confdefs.h. ##
## ----------- ##

#define PACKAGE_NAME ""
#define PACKAGE_TARNAME ""
#define PACKAGE_VERSION ""
#define PACKAGE_STRING ""
#define PACKAGE_BUGREPORT ""
#define STDC_HEADERS 1
#define HAVE_SYS_TYPES_H 1
#define HAVE_SYS_STAT_H 1
#define HAVE_STDLIB_H 1
#define HAVE_STRING_H 1
#define HAVE_MEMORY_H 1
#define HAVE_STRINGS_H 1
#define HAVE_INTTYPES_H 1
#define HAVE_STDINT_H 1
#define HAVE_UNISTD_H 1
#define HAVE_DLFCN_H 1
#define PACKAGE "Serial"
#define VERSION "2.2pre1"
#define HAVE_FCNTL_H 1
#define HAVE_SYS_FCNTL_H 1
#define HAVE_SYS_FILE_H 1
#define HAVE_SYS_TIME_H 1
#define HAVE_SYS_SIGNAL_H 1
#define HAVE_SIGNAL_H 1
#define HAVE_TERMIOS_H 1
#define HAVE_GRP_H 1
#define HAVE_PWD_H 1

configure: exit 0
